2017-11-16 13:13:09 -  - exec CUpdateClientPartner::SearchModulesEx
2017-11-16 13:13:09 -  - exec CUpdateClientPartner::__CollectRequestData
2017-11-16 13:13:09 -  - utf=Y&lang=ru&stable=Y&CANGZIP=Y&SUPD_DBS=MYSQL&XE=N&CLIENT_SITE=hram&LICENSE_KEY=X&SUPD_STS=1&SUPD_URS=0&SUPD_URSA=1&TYPENC=D&CLIENT_PHPVER=5.6.30&NGINX=Y&dbv=5.6.35&instm=main%2C17.0.9%2CY%3Bperfmon%2C17.0.0%2CN%3Bhighloadblock%2C17.0.2%2CN%3Btranslate%2C15.0.0%2CN%3Bsocialservices%2C17.1.4%2CN%3Bclouds%2C17.0.0%2CN%3Bsearch%2C17.0.1%2CN%3Biblock%2C17.0.9%2CN%3Bcompression%2C16.0.0%2CN%3Bbitrixcloud%2C17.0.0%2CN%3Bbitrix.sitecorporate%2C15.5.0%2CN%3Bseo%2C17.0.6%2CN%3Bb24connector%2C17.0.1%2CN%3Bfileman%2C17.5.0%2CN&search_module_id=&search_module=&search_category=7%2C14&search_type=&search_order=DESC&search_order_by=SORT&search_page=1&SUPD_SRS=RU&SUPD_CMP=N
2017-11-16 13:13:09 -  - exec CUpdateClientPartner::GetHTTPPage
2017-11-16 13:13:12 -  - TIME SearchModulesEx(request) 2.834 sec
2017-11-16 13:13:12 -  - exec CUpdateClientPartner::ParseServerData
2017-11-16 13:13:27 -  - exec CUpdateClientPartner::LoadModulesUpdates
2017-11-16 13:13:27 -  - exec CUpdateClientPartner::__CollectRequestData
2017-11-16 13:13:27 -  - utf=Y&lang=ru&stable=Y&CANGZIP=Y&SUPD_DBS=MYSQL&XE=N&CLIENT_SITE=hram&LICENSE_KEY=X&SUPD_STS=1&SUPD_URS=0&SUPD_URSA=1&TYPENC=D&CLIENT_PHPVER=5.6.30&NGINX=Y&dbv=5.6.35&instm=main%2C17.0.9%2CY%3Bperfmon%2C17.0.0%2CN%3Bhighloadblock%2C17.0.2%2CN%3Btranslate%2C15.0.0%2CN%3Bsocialservices%2C17.1.4%2CN%3Bclouds%2C17.0.0%2CN%3Bsearch%2C17.0.1%2CN%3Biblock%2C17.0.9%2CN%3Bcompression%2C16.0.0%2CN%3Bbitrixcloud%2C17.0.0%2CN%3Bbitrix.sitecorporate%2C15.5.0%2CN%3Bseo%2C17.0.6%2CN%3Bb24connector%2C17.0.1%2CN%3Bfileman%2C17.5.0%2CN&reqm=nsandrey.emptyinstall&lim=Y&SUPD_SRS=RU&SUPD_CMP=N
2017-11-16 13:13:27 -  - exec CUpdateClientPartner::GetHTTPPage
2017-11-16 13:13:27 -  - TIME LoadModulesUpdates(request) 0.494 sec
2017-11-16 13:13:27 -  - exec CUpdateClientPartner::ParseServerData
2017-11-16 13:13:27 - S - STEP
2017-11-16 13:13:27 - LM4W01 - loadModule4Wizard-Step
2017-11-16 13:13:28 -  - exec CUpdateClientPartner::LoadModulesUpdates
2017-11-16 13:13:28 -  - exec CUpdateClientPartner::ParseServerData
2017-11-16 13:13:28 -  - loadFile
2017-11-16 13:13:28 - U - RETURN
2017-11-16 13:13:28 -  - exec CUpdateClientPartner::UnGzipArchive
2017-11-16 13:13:28 -  - TIME UnGzipArchive 0.02 sec
2017-11-16 13:13:28 -  - TIME UpdateStepModules 0.031 sec
2017-11-16 13:13:28 -  - exec CUpdateClientPartner::LoadModulesUpdates
2017-11-16 13:13:28 -  - exec CUpdateClientPartner::__CollectRequestData
2017-11-16 13:13:29 -  - utf=Y&lang=ru&stable=Y&CANGZIP=Y&SUPD_DBS=MYSQL&XE=N&CLIENT_SITE=hram&LICENSE_KEY=X&SUPD_STS=1&SUPD_URS=0&SUPD_URSA=1&TYPENC=D&CLIENT_PHPVER=5.6.30&NGINX=Y&dbv=5.6.35&instm=main%2C17.0.9%2CY%3Bperfmon%2C17.0.0%2CN%3Bhighloadblock%2C17.0.2%2CN%3Btranslate%2C15.0.0%2CN%3Bsocialservices%2C17.1.4%2CN%3Bclouds%2C17.0.0%2CN%3Bsearch%2C17.0.1%2CN%3Biblock%2C17.0.9%2CN%3Bcompression%2C16.0.0%2CN%3Bbitrixcloud%2C17.0.0%2CN%3Bbitrix.sitecorporate%2C15.5.0%2CN%3Bseo%2C17.0.6%2CN%3Bb24connector%2C17.0.1%2CN%3Bnsandrey.emptyinstall%2C1.0.2%2CN%3Bfileman%2C17.5.0%2CN&reqm=nsandrey.emptyinstall&lim=Y&SUPD_SRS=RU&SUPD_CMP=N
2017-11-16 13:13:29 -  - exec CUpdateClientPartner::GetHTTPPage
2017-11-16 13:13:29 -  - TIME LoadModulesUpdates(request) 0.322 sec
2017-11-16 13:13:29 -  - exec CUpdateClientPartner::ParseServerData
2017-11-16 13:13:29 - STEP - Finish - NOUPDATES
2017-11-16 13:13:29 - LM4W03 - Finish - NOUPDATES
